<?xml version="1.0" encoding="UTF-8"?>
<testsuite xmlns:xsi="http://www.w3.org/2001/XMLSchema-instance" xsi:noNamespaceSchemaLocation="https://maven.apache.org/surefire/maven-surefire-plugin/xsd/surefire-test-report-3.0.xsd" version="3.0" name="com.talentvistas.controller.AuthControllerTest" time="6.291" tests="2" errors="0" skipped="0" failures="0">
  <properties>
[...]
</properties>
  <testcase name="whenLoginWithValidCredentials_thenReturnsToken" classname="com.talentvistas.controller.AuthControllerTest" time="0.241">
    <system-out><![CDATA[17:56:13.819 [main] INFO org.springframework.test.context.support.AnnotationConfigContextLoaderUtils -- Could not detect default configuration classes for test class [com.talentvistas.controller.AuthControllerTest]: AuthControllerTest does not declare any static, non-private, non-final, nested classes annotated with @Configuration.
17:56:13.958 [main] INFO org.springframework.boot.test.context.SpringBootTestContextBootstrapper -- Found @SpringBootConfiguration com.talentvistas.TalentVisualApplication for test class com.talentvistas.controller.AuthControllerTest

  .   ____          _            __ _ _
 /\\ / ___'_ __ _ _(_)_ __  __ _ \ \ \ \
( ( )\___ | '_ | '_| | '_ \/ _` | \ \ \ \
 \\/  ___)| |_)| | | | | || (_| |  ) ) ) )
  '  |____| .__|_| |_|_| |_\__, | / / / /
 =========|_|==============|___/=/_/_/_/
 :: Spring Boot ::                (v3.2.3)

2025-05-12T17:56:14.321-05:00  INFO 68484 --- [           main] c.t.controller.AuthControllerTest        : Starting AuthControllerTest using Java 17.0.15 with PID 68484 (started by ricardo1025 in /home/ricardo1025/Desktop/Escritorio/adso/fase 3/guia 8/GA8-220501096-AA1-EV01/talentvisual)
2025-05-12T17:56:14.323-05:00  INFO 68484 --- [           main] c.t.controller.AuthControllerTest        : No active profile set, falling back to 1 default profile: "default"
2025-05-12T17:56:15.083-05:00  INFO 68484 --- [           main] .s.d.r.c.RepositoryConfigurationDelegate : Bootstrapping Spring Data JPA repositories in DEFAULT mode.
2025-05-12T17:56:15.132-05:00  INFO 68484 --- [           main] .s.d.r.c.RepositoryConfigurationDelegate : Finished Spring Data repository scanning in 43 ms. Found 4 JPA repository interfaces.
2025-05-12T17:56:16.561-05:00  INFO 68484 --- [           main] o.hibernate.jpa.internal.util.LogHelper  : HHH000204: Processing PersistenceUnitInfo [name: default]
2025-05-12T17:56:16.635-05:00  INFO 68484 --- [           main] org.hibernate.Version                    : HHH000412: Hibernate ORM core version 6.4.4.Final
2025-05-12T17:56:16.680-05:00  INFO 68484 --- [           main] o.h.c.internal.RegionFactoryInitiator    : HHH000026: Second-level cache disabled
2025-05-12T17:56:16.790-05:00  INFO 68484 --- [           main] o.s.o.j.p.SpringPersistenceUnitInfo      : No LoadTimeWeaver setup: ignoring JPA class transformer
2025-05-12T17:56:16.827-05:00  INFO 68484 --- [           main] com.zaxxer.hikari.HikariDataSource       : HikariPool-1 - Starting...
2025-05-12T17:56:17.176-05:00  INFO 68484 --- [           main] com.zaxxer.hikari.pool.HikariPool        : HikariPool-1 - Added connection com.mysql.cj.jdbc.ConnectionImpl@12532e37
2025-05-12T17:56:17.178-05:00  INFO 68484 --- [           main] com.zaxxer.hikari.HikariDataSource       : HikariPool-1 - Start completed.
2025-05-12T17:56:17.227-05:00  WARN 68484 --- [           main] org.hibernate.orm.deprecation            : HHH90000025: MySQL8Dialect does not need to be specified explicitly using 'hibernate.dialect' (remove the property setting and it will be selected by default)
2025-05-12T17:56:17.228-05:00  WARN 68484 --- [           main] org.hibernate.orm.deprecation            : HHH90000026: MySQL8Dialect has been deprecated; use org.hibernate.dialect.MySQLDialect instead
2025-05-12T17:56:18.284-05:00  INFO 68484 --- [           main] o.h.e.t.j.p.i.JtaPlatformInitiator       : HHH000489: No JTA platform available (set 'hibernate.transaction.jta.platform' to enable JTA platform integration)
2025-05-12T17:56:18.370-05:00  INFO 68484 --- [           main] j.LocalContainerEntityManagerFactoryBean : Initialized JPA EntityManagerFactory for persistence unit 'default'
2025-05-12T17:56:18.883-05:00  WARN 68484 --- [           main] JpaBaseConfiguration$JpaWebConfiguration : spring.jpa.open-in-view is enabled by default. Therefore, database queries may be performed during view rendering. Explicitly configure spring.jpa.open-in-view to disable this warning
2025-05-12T17:56:18.970-05:00  INFO 68484 --- [           main] o.s.b.a.w.s.WelcomePageHandlerMapping    : Adding welcome page: class path resource [static/index.html]
2025-05-12T17:56:19.180-05:00  INFO 68484 --- [           main] o.s.s.web.DefaultSecurityFilterChain     : Will secure any request with [org.springframework.security.web.session.DisableEncodeUrlFilter@31b827a6, org.springframework.security.web.context.request.async.WebAsyncManagerIntegrationFilter@525aadf2, org.springframework.security.web.context.SecurityContextHolderFilter@781ecbac, org.springframework.security.web.header.HeaderWriterFilter@136a5572, org.springframework.web.filter.CorsFilter@203b98cf, org.springframework.security.web.authentication.logout.LogoutFilter@1cd4082a, com.talentvistas.security.JwtAuthFilter@6e140753, org.springframework.security.web.savedrequest.RequestCacheAwareFilter@3f89d36c, org.springframework.security.web.servletapi.SecurityContextHolderAwareRequestFilter@520034a, org.springframework.security.web.authentication.AnonymousAuthenticationFilter@52bcd7c9, org.springframework.security.web.session.SessionManagementFilter@74ea1cd0, org.springframework.security.web.access.ExceptionTranslationFilter@65d3e2ba, org.springframework.security.web.access.intercept.AuthorizationFilter@7df1fc5a]
2025-05-12T17:56:19.486-05:00  INFO 68484 --- [           main] o.s.b.t.m.w.SpringBootMockServletContext : Initializing Spring TestDispatcherServlet ''
2025-05-12T17:56:19.487-05:00  INFO 68484 --- [           main] o.s.t.web.servlet.TestDispatcherServlet  : Initializing Servlet ''
2025-05-12T17:56:19.488-05:00  INFO 68484 --- [           main] o.s.t.web.servlet.TestDispatcherServlet  : Completed initialization in 1 ms
2025-05-12T17:56:19.510-05:00  INFO 68484 --- [           main] c.t.controller.AuthControllerTest        : Started AuthControllerTest in 5.44 seconds (process running for 6.841)
]]></system-out>
  </testcase>
  <testcase name="whenLoginWithInvalidCredentials_thenReturnsUnauthorized" classname="com.talentvistas.controller.AuthControllerTest" time="0.113"/>
</testsuite>